Using pre-set license
Built from '2021.1/staging' branch; Version is '2021.1.6f1 (c0fade0cc7e9) revision 12647134'; Using compiler version '192528614'; Build Type 'Release'
OS: 'Windows 10 Pro; OS build 19042.928; Version 2009; 64bit' Language: 'en' Physical Memory: 16342 MB
BatchMode: 1, IsHumanControllingUs: 0, StartBugReporterOnCrash: 0, Is64bit: 1, IsPro: 0

 COMMAND LINE ARGUMENTS:
C:\Program Files\Unity\Hub\Editor\2021.1.6f1\Editor\Unity.exe
-adb2
-batchMode
-noUpm
-name
AssetImportWorker0
-projectPath
D:/malding/dababy_racing/peli
-logFile
Logs/AssetImportWorker0.log
-srvPort
52116
Successfully changed project path to: D:/malding/dababy_racing/peli
D:/malding/dababy_racing/peli
Using Asset Import Pipeline V2.
Refreshing native plugins compatible for Editor in 69.74 ms, found 1 plugins.
Preloading 0 native plugins for Editor in 0.00 ms.
Initialize engine version: 2021.1.6f1 (c0fade0cc7e9)
[Subsystems] Discovering subsystems at path C:/Program Files/Unity/Hub/Editor/2021.1.6f1/Editor/Data/Resources/UnitySubsystems
[Subsystems] Discovering subsystems at path D:/malding/dababy_racing/peli/Assets
GfxDevice: creating device client; threaded=0; jobified=0
Direct3D:
    Version:  Direct3D 11.0 [level 11.1]
    Renderer: NVIDIA GeForce GTX 1070 (ID=0x1b81)
    Vendor:   NVIDIA
    VRAM:     8088 MB
    Driver:   27.21.14.6589
Initialize mono
Mono path[0] = 'C:/Program Files/Unity/Hub/Editor/2021.1.6f1/Editor/Data/Managed'
Mono path[1] = 'C:/Program Files/Unity/Hub/Editor/2021.1.6f1/Editor/Data/MonoBleedingEdge/lib/mono/unityjit'
Mono config path = 'C:/Program Files/Unity/Hub/Editor/2021.1.6f1/Editor/Data/MonoBleedingEdge/etc'
Using monoOptions --debugger-agent=transport=dt_socket,embedding=1,server=y,suspend=n,address=127.0.0.1:56868
Begin MonoManager ReloadAssembly
Registering precompiled unity dll's ...
Register platform support module: C:/Program Files/Unity/Hub/Editor/2021.1.6f1/Editor/Data/PlaybackEngines/WindowsStandaloneSupport/UnityEditor.WindowsStandalone.Extensions.dll
Registered in 0.002084 seconds.
Native extension for WindowsStandalone target not found
Refreshing native plugins compatible for Editor in 97.09 ms, found 1 plugins.
Preloading 0 native plugins for Editor in 0.00 ms.
Mono: successfully reloaded assembly
- Completed reload, in  1.318 seconds
Platform modules already initialized, skipping
Registering precompiled user dll's ...
Registered in 0.002543 seconds.
Begin MonoManager ReloadAssembly
Native extension for WindowsStandalone target not found
Refreshing native plugins compatible for Editor in 0.44 ms, found 1 plugins.
Preloading 0 native plugins for Editor in 0.00 ms.
Mono: successfully reloaded assembly
- Completed reload, in  1.000 seconds
Platform modules already initialized, skipping
========================================================================
Worker process is ready to serve import requests
Launched and connected shader compiler UnityShaderCompiler.exe after 0.06 seconds
Refreshing native plugins compatible for Editor in 0.40 ms, found 1 plugins.
Preloading 0 native plugins for Editor in 0.00 ms.
Unloading 2668 Unused Serialized files (Serialized files now loaded: 0)
System memory in use before: 98.4 MB.
System memory in use after: 98.6 MB.

Unloading 15 unused Assets to reduce memory usage. Loaded Objects now: 3120.
Total: 2.819800 ms (FindLiveObjects: 0.309300 ms CreateObjectMapping: 0.224400 ms MarkObjects: 2.217600 ms  DeleteObjects: 0.067500 ms)

========================================================================
Received Import Request.
  path: Assets/blender hommat/yes_ratauusi.fbx
  artifactKey: Guid(b707677ae6ea118448e0632fbbac8083) Importer(815301076,1909f56bfc062723c751e8b465ee728b)
Start importing Assets/blender hommat/yes_ratauusi.fbx using Guid(b707677ae6ea118448e0632fbbac8083) Importer(815301076,1909f56bfc062723c751e8b465ee728b)  -> (artifact id: '75f96f1939899dfcd033bf43149cdfac') in 0.237182 seconds 
========================================================================
Received Import Request.
  Time since last request: 0.000207 seconds.
  path: Assets/blender hommat/yes_rata.fbx
  artifactKey: Guid(bb573f8f54c337c44973e0c4d4e2ecae) Importer(815301076,1909f56bfc062723c751e8b465ee728b)
Start importing Assets/blender hommat/yes_rata.fbx using Guid(bb573f8f54c337c44973e0c4d4e2ecae) Importer(815301076,1909f56bfc062723c751e8b465ee728b)  -> (artifact id: 'e567b4643311f4e907ccdaefd1bf30fa') in 0.038063 seconds 
========================================================================
Received Import Request.
  Time since last request: 0.000179 seconds.
  path: Assets/blender hommat/yes_ratauusiuusismooth.fbx
  artifactKey: Guid(ee0f40b297be6544ba5bdaf50ca27595) Importer(815301076,1909f56bfc062723c751e8b465ee728b)
Start importing Assets/blender hommat/yes_ratauusiuusismooth.fbx using Guid(ee0f40b297be6544ba5bdaf50ca27595) Importer(815301076,1909f56bfc062723c751e8b465ee728b)  -> (artifact id: 'a350aa0d4968b1675e495b296d6bade0') in 0.045957 seconds 
========================================================================
Received Import Request.
  Time since last request: 0.000153 seconds.
  path: Assets/scripts/CarController2.cs
  artifactKey: Guid(06a88803181827f49b761835ee59c785) Importer(815301076,1909f56bfc062723c751e8b465ee728b)
Start importing Assets/scripts/CarController2.cs using Guid(06a88803181827f49b761835ee59c785) Importer(815301076,1909f56bfc062723c751e8b465ee728b)  -> (artifact id: 'f0e67fee2aa73fce502aa94a7b6968cb') in 0.013775 seconds 
========================================================================
Received Import Request.
  Time since last request: 0.000222 seconds.
  path: Assets/scripts/CameraFollow.cs
  artifactKey: Guid(f655e8d53d15fe54085bda0b7c0096e2) Importer(815301076,1909f56bfc062723c751e8b465ee728b)
Start importing Assets/scripts/CameraFollow.cs using Guid(f655e8d53d15fe54085bda0b7c0096e2) Importer(815301076,1909f56bfc062723c751e8b465ee728b)  -> (artifact id: '84e50120978062d7fe8d7716cbc14e63') in 0.012156 seconds 
========================================================================
Received Import Request.
  Time since last request: 0.000291 seconds.
  path: Assets/blender hommat/yes_ratauusiuusi.fbx
  artifactKey: Guid(68f7d7ce75e7e934cb246acc6228734e) Importer(815301076,1909f56bfc062723c751e8b465ee728b)
Start importing Assets/blender hommat/yes_ratauusiuusi.fbx using Guid(68f7d7ce75e7e934cb246acc6228734e) Importer(815301076,1909f56bfc062723c751e8b465ee728b)  -> (artifact id: 'adccb214be37ad6bd588a7f5326d70a7') in 0.051561 seconds 
========================================================================
Received Prepare
Registering precompiled user dll's ...
Registered in 0.002393 seconds.
Begin MonoManager ReloadAssembly
Native extension for WindowsStandalone target not found
Refreshing native plugins compatible for Editor in 0.42 ms, found 1 plugins.
Preloading 0 native plugins for Editor in 0.00 ms.
Mono: successfully reloaded assembly
- Completed reload, in  0.999 seconds
Platform modules already initialized, skipping
Refreshing native plugins compatible for Editor in 1.44 ms, found 1 plugins.
Preloading 0 native plugins for Editor in 0.00 ms.
Unloading 2665 Unused Serialized files (Serialized files now loaded: 0)
System memory in use before: 102.3 MB.
System memory in use after: 102.5 MB.

Unloading 11 unused Assets to reduce memory usage. Loaded Objects now: 3135.
Total: 4.844200 ms (FindLiveObjects: 0.985100 ms CreateObjectMapping: 1.601400 ms MarkObjects: 2.210500 ms  DeleteObjects: 0.046200 ms)

========================================================================
Received Import Request.
  Time since last request: 28.059615 seconds.
  path: Assets/Scenes/testirata.unity
  artifactKey: Guid(cb69f131e929b044ea6175eae6a8b19e) Importer(815301076,1909f56bfc062723c751e8b465ee728b)
Start importing Assets/Scenes/testirata.unity using Guid(cb69f131e929b044ea6175eae6a8b19e) Importer(815301076,1909f56bfc062723c751e8b465ee728b)  -> (artifact id: '990135f74e8636e8deecf3f955ea6459') in 0.019824 seconds 
========================================================================
Received Import Request.
  Time since last request: 13.541673 seconds.
  path: Assets/scripts/laps.cs
  artifactKey: Guid(5b043700c5d3b2543a3bba428829a3dc) Importer(815301076,1909f56bfc062723c751e8b465ee728b)
Start importing Assets/scripts/laps.cs using Guid(5b043700c5d3b2543a3bba428829a3dc) Importer(815301076,1909f56bfc062723c751e8b465ee728b)  -> (artifact id: 'd8c3a2922adff54e179764a5f4af0319') in 0.011468 seconds 
========================================================================
Received Import Request.
  Time since last request: 147.525701 seconds.
  path: ProjectSettings/TagManager.asset
  artifactKey: Guid(00000000000000003000000000000000) Importer(815301076,1909f56bfc062723c751e8b465ee728b)
Start importing ProjectSettings/TagManager.asset using Guid(00000000000000003000000000000000) Importer(815301076,1909f56bfc062723c751e8b465ee728b)  -> (artifact id: '95df672b4aaba54310d34c83eef51bb8') in 0.018218 seconds 
========================================================================
Received Prepare
Registering precompiled user dll's ...
Registered in 0.002249 seconds.
Begin MonoManager ReloadAssembly
Native extension for WindowsStandalone target not found
Refreshing native plugins compatible for Editor in 0.44 ms, found 1 plugins.
Preloading 0 native plugins for Editor in 0.00 ms.
Mono: successfully reloaded assembly
- Completed reload, in  0.910 seconds
Platform modules already initialized, skipping
Refreshing native plugins compatible for Editor in 0.76 ms, found 1 plugins.
Preloading 0 native plugins for Editor in 0.00 ms.
Unloading 2665 Unused Serialized files (Serialized files now loaded: 0)
System memory in use before: 102.4 MB.
System memory in use after: 102.6 MB.

Unloading 11 unused Assets to reduce memory usage. Loaded Objects now: 3138.
Total: 2.605100 ms (FindLiveObjects: 0.203500 ms CreateObjectMapping: 0.111100 ms MarkObjects: 2.240200 ms  DeleteObjects: 0.049200 ms)

========================================================================
Received Prepare
Registering precompiled user dll's ...
Registered in 0.002728 seconds.
Begin MonoManager ReloadAssembly
Native extension for WindowsStandalone target not found
Refreshing native plugins compatible for Editor in 0.39 ms, found 1 plugins.
Preloading 0 native plugins for Editor in 0.00 ms.
Mono: successfully reloaded assembly
- Completed reload, in  1.007 seconds
Platform modules already initialized, skipping
Refreshing native plugins compatible for Editor in 2.54 ms, found 1 plugins.
Preloading 0 native plugins for Editor in 0.00 ms.
Unloading 2665 Unused Serialized files (Serialized files now loaded: 0)
System memory in use before: 102.4 MB.
System memory in use after: 102.6 MB.

Unloading 10 unused Assets to reduce memory usage. Loaded Objects now: 3141.
Total: 3.708800 ms (FindLiveObjects: 0.214000 ms CreateObjectMapping: 0.160800 ms MarkObjects: 3.282300 ms  DeleteObjects: 0.050300 ms)

AssetImportWorkerClient::OnTransportError - code=2 error=End of file
